<?xml version="1.0" encoding="UTF-8"?>
<!-- Generated by org.testng.reporters.JUnitXMLReporter -->
<testsuite ignored="2" hostname="DESKTOP-PTK84VK" failures="0" tests="2" name="annotationsdemo" time="0.186" errors="0" timestamp="2021-05-31T23:23:53 IST">
  <testcase classname="annotations.Annotations" name="test1" time="0.039"/>
  <testcase classname="annotations.Annotations" name="test2" time="0.002"/>
  <testcase classname="annotations.Annotations2" name="test4" time="0.0">
    <ignored/>
  </testcase> <!-- test4 -->
  <testcase classname="annotations.Annotations2" name="test3" time="0.0">
    <ignored/>
  </testcase> <!-- test3 -->
</testsuite> <!-- annotationsdemo -->
