<?xml version="1.0" encoding="UTF-8"?>
<!-- Generated by org.testng.reporters.JUnitXMLReporter -->
<testsuite ignored="2" hostname="DESKTOP-PTK84VK" failures="0" tests="3" name="Test" time="0.182" errors="0" timestamp="2021-06-01T00:17:30 IST">
  <testcase classname="annotations.GroupingExample" name="test1" time="0.048"/>
  <testcase classname="annotations.GroupingExample" name="test2" time="0.003"/>
  <testcase classname="annotations.GroupingExample" name="test5" time="0.003"/>
  <testcase classname="annotations.GroupingExample" name="test3" time="0.0">
    <ignored/>
  </testcase> <!-- test3 -->
  <testcase classname="annotations.GroupingExample" name="test4" time="0.0">
    <ignored/>
  </testcase> <!-- test4 -->
</testsuite> <!-- Test -->
